<?xml version="1.0" encoding="UTF-8"?>
<!-- Generated by org.testng.reporters.JUnitReportReporter -->
<testsuite hostname="WKWIN5573498" name="GSMobile.GSMobile.AndroidTest" tests="1" failures="0" timestamp="9 Jul 2020 10:29:39 GMT" time="266.876" errors="0">
  <testcase name="setUp" time="266.876" classname="GSMobile.GSMobile.AndroidTest"/>
</testsuite> <!-- GSMobile.GSMobile.AndroidTest -->
